This file contains any messages produced by compilers while
running configure, to aid debugging if configure makes a mistake.

It was created by msdl configure 1.2.7, which was
generated by GNU Autoconf 2.65.  Invocation command line was

  $ ./configure 

## --------- ##
## Platform. ##
## --------- ##

hostname = brhelxp
uname -m = x86_64
uname -r = 4.4.74-desktop-1.mga5
uname -s = Linux
uname -v = #1 SMP Mon Jun 26 07:50:58 UTC 2017

/usr/bin/uname -p = x86_64
/bin/uname -X     = unknown

/bin/arch              = x86_64
/usr/bin/arch -k       = unknown
/usr/convex/getsysinfo = unknown
/usr/bin/hostinfo      = unknown
/bin/machine           = unknown
/usr/bin/oslevel       = unknown
/bin/universe          = unknown

PATH: /home/ivo/bin/Sencha/Cmd/6.1.3.42/..
PATH: /home/ivo/bin/Sencha/Cmd/6.1.3.42/..
PATH: /usr/local/bin
PATH: /usr/bin
PATH: /usr/local/games
PATH: /usr/games
PATH: /usr/lib64/qt4/bin
PATH: /usr/lib64/qt5/bin
PATH: /usr/local/node/bin
PATH: /home/ivo/bin
PATH: /usr/local/node/bin


## ----------- ##
## Core tests. ##
## ----------- ##

configure:2252: checking for a BSD-compatible install
configure:2320: result: /usr/bin/install -c
configure:2331: checking whether build environment is sane
configure:2368: result: yes
configure:2495: checking for a thread-safe mkdir -p
configure:2534: result: /usr/bin/mkdir -p
configure:2547: checking for gawk
configure:2563: found /usr/bin/gawk
configure:2574: result: gawk
configure:2585: checking whether make sets $(MAKE)
configure:2607: result: yes
configure:2740: checking for gcc
configure:2756: found /usr/bin/gcc
configure:2767: result: gcc
configure:2996: checking for C compiler version
configure:3005: gcc --version >&5
gcc (GCC) 4.9.2
Copyright (C) 2014 Free Software Foundation, Inc.
This is free software; see the source for copying conditions.  There is NO
warranty; not even for MERCHANTABILITY or FITNESS FOR A PARTICULAR PURPOSE.

configure:3016: $? = 0
configure:3005: gcc -v >&5
Using built-in specs.
COLLECT_GCC=gcc
COLLECT_LTO_WRAPPER=/usr/lib/gcc/x86_64-mageia-linux-gnu/4.9.2/lto-wrapper
Target: x86_64-mageia-linux-gnu
Configured with: ../configure --prefix=/usr --libexecdir=/usr/lib --with-slibdir=/lib64 --with-bugurl=http://bugs.mageia.org/ --mandir=/usr/share/man --infodir=/usr/share/info --enable-checking=release --enable-languages=c,c++,ada,fortran,objc,obj-c++,java --enable-linker-build-id --build=x86_64-mageia-linux-gnu --host=x86_64-mageia-linux-gnu --with-cpu=generic --with-system-zlib --enable-threads=posix --enable-shared --enable-objc-gc --enable-long-long --enable-__cxa_atexit --disable-libunwind-exceptions --enable-clocale=gnu --enable-java-awt=gtk --with-java-home=/usr/lib/jvm/java-1.5.0-gcj-1.5.0.0/jre --with-ecj-jar=/usr/share/java/eclipse-ecj.jar --enable-gtk-cairo --disable-libjava-multilib --enable-ssp --disable-libssp --disable-werror --with-ppl --with-cloog --with-python-dir=/lib/python2.7/site-packages --enable-lto
Thread model: posix
gcc version 4.9.2 (GCC) 
configure:3016: $? = 0
configure:3005: gcc -V >&5
gcc: error: unrecognized command line option '-V'
gcc: fatal error: no input files
compilation terminated.
configure:3016: $? = 1
configure:3005: gcc -qversion >&5
gcc: error: unrecognized command line option '-qversion'
gcc: fatal error: no input files
compilation terminated.
configure:3016: $? = 1
configure:3036: checking whether the C compiler works
configure:3058: gcc    conftest.c  >&5
configure:3062: $? = 0
configure:3111: result: yes
configure:3114: checking for C compiler default output file name
configure:3116: result: a.out
configure:3122: checking for suffix of executables
configure:3129: gcc -o conftest    conftest.c  >&5
configure:3133: $? = 0
configure:3155: result: 
configure:3177: checking whether we are cross compiling
configure:3185: gcc -o conftest    conftest.c  >&5
configure:3189: $? = 0
configure:3196: ./conftest
configure:3200: $? = 0
configure:3215: result: no
configure:3220: checking for suffix of object files
configure:3242: gcc -c   conftest.c >&5
configure:3246: $? = 0
configure:3267: result: o
configure:3271: checking whether we are using the GNU C compiler
configure:3290: gcc -c   conftest.c >&5
configure:3290: $? = 0
configure:3299: result: yes
configure:3308: checking whether gcc accepts -g
configure:3328: gcc -c -g  conftest.c >&5
configure:3328: $? = 0
configure:3369: result: yes
configure:3386: checking for gcc option to accept ISO C89
configure:3450: gcc  -c -g -O2  conftest.c >&5
configure:3450: $? = 0
configure:3463: result: none needed
configure:3494: checking for style of include used by make
configure:3522: result: GNU
configure:3547: checking dependency style of gcc
configure:3657: result: gcc3
configure:3682: checking how to run the C preprocessor
configure:3713: gcc -E  conftest.c
configure:3713: $? = 0
configure:3727: gcc -E  conftest.c
conftest.c:11:28: fatal error: ac_nonexistent.h: No such file or directory
 #include <ac_nonexistent.h>
                            ^
compilation terminated.
configure:3727: $? = 1
configure: failed program was:
| /* confdefs.h */
| #define PACKAGE_NAME "msdl"
| #define PACKAGE_TARNAME "msdl"
| #define PACKAGE_VERSION "1.2.7"
| #define PACKAGE_STRING "msdl 1.2.7"
| #define PACKAGE_BUGREPORT "me_t_ro@yahoo.com"
| #define PACKAGE_URL ""
| #define PACKAGE "msdl"
| #define VERSION "1.2.7"
| /* end confdefs.h.  */
| #include <ac_nonexistent.h>
configure:3752: result: gcc -E
configure:3772: gcc -E  conftest.c
configure:3772: $? = 0
configure:3786: gcc -E  conftest.c
conftest.c:11:28: fatal error: ac_nonexistent.h: No such file or directory
 #include <ac_nonexistent.h>
                            ^
compilation terminated.
configure:3786: $? = 1
configure: failed program was:
| /* confdefs.h */
| #define PACKAGE_NAME "msdl"
| #define PACKAGE_TARNAME "msdl"
| #define PACKAGE_VERSION "1.2.7"
| #define PACKAGE_STRING "msdl 1.2.7"
| #define PACKAGE_BUGREPORT "me_t_ro@yahoo.com"
| #define PACKAGE_URL ""
| #define PACKAGE "msdl"
| #define VERSION "1.2.7"
| /* end confdefs.h.  */
| #include <ac_nonexistent.h>
configure:3815: checking for grep that handles long lines and -e
configure:3873: result: /usr/bin/grep
configure:3878: checking for egrep
configure:3940: result: /usr/bin/grep -E
configure:3945: checking for ANSI C header files
configure:3965: gcc -c -g -O2  conftest.c >&5
configure:3965: $? = 0
configure:4038: gcc -o conftest -g -O2   conftest.c  >&5
configure:4038: $? = 0
configure:4038: ./conftest
configure:4038: $? = 0
configure:4049: result: yes
configure:4062: checking for sys/types.h
configure:4062: gcc -c -g -O2  conftest.c >&5
configure:4062: $? = 0
configure:4062: result: yes
configure:4062: checking for sys/stat.h
configure:4062: gcc -c -g -O2  conftest.c >&5
configure:4062: $? = 0
configure:4062: result: yes
configure:4062: checking for stdlib.h
configure:4062: gcc -c -g -O2  conftest.c >&5
configure:4062: $? = 0
configure:4062: result: yes
configure:4062: checking for string.h
configure:4062: gcc -c -g -O2  conftest.c >&5
configure:4062: $? = 0
configure:4062: result: yes
configure:4062: checking for memory.h
configure:4062: gcc -c -g -O2  conftest.c >&5
configure:4062: $? = 0
configure:4062: result: yes
configure:4062: checking for strings.h
configure:4062: gcc -c -g -O2  conftest.c >&5
configure:4062: $? = 0
configure:4062: result: yes
configure:4062: checking for inttypes.h
configure:4062: gcc -c -g -O2  conftest.c >&5
configure:4062: $? = 0
configure:4062: result: yes
configure:4062: checking for stdint.h
configure:4062: gcc -c -g -O2  conftest.c >&5
configure:4062: $? = 0
configure:4062: result: yes
configure:4062: checking for unistd.h
configure:4062: gcc -c -g -O2  conftest.c >&5
configure:4062: $? = 0
configure:4062: result: yes
configure:4078: checking arpa/inet.h usability
configure:4078: gcc -c -g -O2  conftest.c >&5
configure:4078: $? = 0
configure:4078: result: yes
configure:4078: checking arpa/inet.h presence
configure:4078: gcc -E  conftest.c
configure:4078: $? = 0
configure:4078: result: yes
configure:4078: checking for arpa/inet.h
configure:4078: result: yes
configure:4078: checking fcntl.h usability
configure:4078: gcc -c -g -O2  conftest.c >&5
configure:4078: $? = 0
configure:4078: result: yes
configure:4078: checking fcntl.h presence
configure:4078: gcc -E  conftest.c
configure:4078: $? = 0
configure:4078: result: yes
configure:4078: checking for fcntl.h
configure:4078: result: yes
configure:4078: checking for inttypes.h
configure:4078: result: yes
configure:4078: checking netdb.h usability
configure:4078: gcc -c -g -O2  conftest.c >&5
configure:4078: $? = 0
configure:4078: result: yes
configure:4078: checking netdb.h presence
configure:4078: gcc -E  conftest.c
configure:4078: $? = 0
configure:4078: result: yes
configure:4078: checking for netdb.h
configure:4078: result: yes
configure:4078: checking netinet/in.h usability
configure:4078: gcc -c -g -O2  conftest.c >&5
configure:4078: $? = 0
configure:4078: result: yes
configure:4078: checking netinet/in.h presence
configure:4078: gcc -E  conftest.c
configure:4078: $? = 0
configure:4078: result: yes
configure:4078: checking for netinet/in.h
configure:4078: result: yes
configure:4078: checking for stdlib.h
configure:4078: result: yes
configure:4078: checking for string.h
configure:4078: result: yes
configure:4078: checking for unistd.h
configure:4078: result: yes
configure:4078: checking sys/socket.h usability
configure:4078: gcc -c -g -O2  conftest.c >&5
configure:4078: $? = 0
configure:4078: result: yes
configure:4078: checking sys/socket.h presence
configure:4078: gcc -E  conftest.c
configure:4078: $? = 0
configure:4078: result: yes
configure:4078: checking for sys/socket.h
configure:4078: result: yes
configure:4078: checking sys/time.h usability
configure:4078: gcc -c -g -O2  conftest.c >&5
configure:4078: $? = 0
configure:4078: result: yes
configure:4078: checking sys/time.h presence
configure:4078: gcc -E  conftest.c
configure:4078: $? = 0
configure:4078: result: yes
configure:4078: checking for sys/time.h
configure:4078: result: yes
configure:4091: checking for an ANSI C-conforming const
configure:4156: gcc -c -g -O2  conftest.c >&5
configure:4156: $? = 0
configure:4163: result: yes
configure:4171: checking for inline
configure:4187: gcc -c -g -O2  conftest.c >&5
configure:4187: $? = 0
configure:4195: result: inline
configure:4213: checking for size_t
configure:4213: gcc -c -g -O2  conftest.c >&5
configure:4213: $? = 0
configure:4213: gcc -c -g -O2  conftest.c >&5
conftest.c: In function 'main':
conftest.c:67:21: error: expected expression before ')' token
 if (sizeof ((size_t)))
                     ^
configure:4213: $? = 1
configure: failed program was:
| /* confdefs.h */
| #define PACKAGE_NAME "msdl"
| #define PACKAGE_TARNAME "msdl"
| #define PACKAGE_VERSION "1.2.7"
| #define PACKAGE_STRING "msdl 1.2.7"
| #define PACKAGE_BUGREPORT "me_t_ro@yahoo.com"
| #define PACKAGE_URL ""
| #define PACKAGE "msdl"
| #define VERSION "1.2.7"
| #define STDC_HEADERS 1
| #define HAVE_SYS_TYPES_H 1
| #define HAVE_SYS_STAT_H 1
| #define HAVE_STDLIB_H 1
| #define HAVE_STRING_H 1
| #define HAVE_MEMORY_H 1
| #define HAVE_STRINGS_H 1
| #define HAVE_INTTYPES_H 1
| #define HAVE_STDINT_H 1
| #define HAVE_UNISTD_H 1
| #define HAVE_ARPA_INET_H 1
| #define HAVE_FCNTL_H 1
| #define HAVE_INTTYPES_H 1
| #define HAVE_NETDB_H 1
| #define HAVE_NETINET_IN_H 1
| #define HAVE_STDLIB_H 1
| #define HAVE_STRING_H 1
| #define HAVE_UNISTD_H 1
| #define HAVE_SYS_SOCKET_H 1
| #define HAVE_SYS_TIME_H 1
| /* end confdefs.h.  */
| #include <stdio.h>
| #ifdef HAVE_SYS_TYPES_H
| # include <sys/types.h>
| #endif
| #ifdef HAVE_SYS_STAT_H
| # include <sys/stat.h>
| #endif
| #ifdef STDC_HEADERS
| # include <stdlib.h>
| # include <stddef.h>
| #else
| # ifdef HAVE_STDLIB_H
| #  include <stdlib.h>
| # endif
| #endif
| #ifdef HAVE_STRING_H
| # if !defined STDC_HEADERS && defined HAVE_MEMORY_H
| #  include <memory.h>
| # endif
| # include <string.h>
| #endif
| #ifdef HAVE_STRINGS_H
| # include <strings.h>
| #endif
| #ifdef HAVE_INTTYPES_H
| # include <inttypes.h>
| #endif
| #ifdef HAVE_STDINT_H
| # include <stdint.h>
| #endif
| #ifdef HAVE_UNISTD_H
| # include <unistd.h>
| #endif
| int
| main ()
| {
| if (sizeof ((size_t)))
| 	    return 0;
|   ;
|   return 0;
| }
configure:4213: result: yes
configure:4224: checking whether time.h and sys/time.h may both be included
configure:4244: gcc -c -g -O2  conftest.c >&5
configure:4244: $? = 0
configure:4251: result: yes
configure:4259: checking for uint16_t
configure:4259: gcc -c -g -O2  conftest.c >&5
configure:4259: $? = 0
configure:4259: result: yes
configure:4271: checking for uint32_t
configure:4271: gcc -c -g -O2  conftest.c >&5
configure:4271: $? = 0
configure:4271: result: yes
configure:4285: checking for uint64_t
configure:4285: gcc -c -g -O2  conftest.c >&5
configure:4285: $? = 0
configure:4285: result: yes
configure:4299: checking for uint8_t
configure:4299: gcc -c -g -O2  conftest.c >&5
configure:4299: $? = 0
configure:4299: result: yes
configure:4317: checking for stdlib.h
configure:4317: result: yes
configure:4327: checking for GNU libc compatible malloc
configure:4351: gcc -o conftest -g -O2   conftest.c  >&5
configure:4351: $? = 0
configure:4351: ./conftest
configure:4351: $? = 0
configure:4361: result: yes
configure:4382: checking for working memcmp
configure:4425: gcc -o conftest -g -O2   conftest.c  >&5
configure:4425: $? = 0
configure:4425: ./conftest
configure:4425: $? = 0
configure:4435: result: yes
configure:4446: checking for stdlib.h
configure:4446: result: yes
configure:4456: checking for GNU libc compatible realloc
configure:4480: gcc -o conftest -g -O2   conftest.c  >&5
configure:4480: $? = 0
configure:4480: ./conftest
configure:4480: $? = 0
configure:4490: result: yes
configure:4514: checking sys/select.h usability
configure:4514: gcc -c -g -O2  conftest.c >&5
configure:4514: $? = 0
configure:4514: result: yes
configure:4514: checking sys/select.h presence
configure:4514: gcc -E  conftest.c
configure:4514: $? = 0
configure:4514: result: yes
configure:4514: checking for sys/select.h
configure:4514: result: yes
configure:4514: checking for sys/socket.h
configure:4514: result: yes
configure:4525: checking types of arguments for select
configure:4553: gcc -c -g -O2  conftest.c >&5
configure:4553: $? = 0
configure:4564: result: int,fd_set *,struct timeval *
configure:4589: checking for vprintf
configure:4589: gcc -o conftest -g -O2   conftest.c  >&5
conftest.c:64:6: warning: conflicting types for built-in function 'vprintf'
 char vprintf ();
      ^
configure:4589: $? = 0
configure:4589: result: yes
configure:4595: checking for _doprnt
configure:4595: gcc -o conftest -g -O2   conftest.c  >&5
/tmp/ccIfJPWN.o: In function `main':
/home/ivo/src/d/poku/ytd/Source/Lib/MSDL/conftest.c:76: undefined reference to `_doprnt'
collect2: error: ld returned 1 exit status
configure:4595: $? = 1
configure: failed program was:
| /* confdefs.h */
| #define PACKAGE_NAME "msdl"
| #define PACKAGE_TARNAME "msdl"
| #define PACKAGE_VERSION "1.2.7"
| #define PACKAGE_STRING "msdl 1.2.7"
| #define PACKAGE_BUGREPORT "me_t_ro@yahoo.com"
| #define PACKAGE_URL ""
| #define PACKAGE "msdl"
| #define VERSION "1.2.7"
| #define STDC_HEADERS 1
| #define HAVE_SYS_TYPES_H 1
| #define HAVE_SYS_STAT_H 1
| #define HAVE_STDLIB_H 1
| #define HAVE_STRING_H 1
| #define HAVE_MEMORY_H 1
| #define HAVE_STRINGS_H 1
| #define HAVE_INTTYPES_H 1
| #define HAVE_STDINT_H 1
| #define HAVE_UNISTD_H 1
| #define HAVE_ARPA_INET_H 1
| #define HAVE_FCNTL_H 1
| #define HAVE_INTTYPES_H 1
| #define HAVE_NETDB_H 1
| #define HAVE_NETINET_IN_H 1
| #define HAVE_STDLIB_H 1
| #define HAVE_STRING_H 1
| #define HAVE_UNISTD_H 1
| #define HAVE_SYS_SOCKET_H 1
| #define HAVE_SYS_TIME_H 1
| #define TIME_WITH_SYS_TIME 1
| #define HAVE_STDLIB_H 1
| #define HAVE_MALLOC 1
| #define HAVE_STDLIB_H 1
| #define HAVE_REALLOC 1
| #define HAVE_SYS_SELECT_H 1
| #define HAVE_SYS_SOCKET_H 1
| #define SELECT_TYPE_ARG1 int
| #define SELECT_TYPE_ARG234 (fd_set *)
| #define SELECT_TYPE_ARG5 (struct timeval *)
| #define HAVE_VPRINTF 1
| /* end confdefs.h.  */
| /* Define _doprnt to an innocuous variant, in case <limits.h> declares _doprnt.
|    For example, HP-UX 11i <limits.h> declares gettimeofday.  */
| #define _doprnt innocuous__doprnt
| 
| /* System header to define __stub macros and hopefully few prototypes,
|     which can conflict with char _doprnt (); below.
|     Prefer <limits.h> to <assert.h> if __STDC__ is defined, since
|     <limits.h> exists even on freestanding compilers.  */
| 
| #ifdef __STDC__
| # include <limits.h>
| #else
| # include <assert.h>
| #endif
| 
| #undef _doprnt
| 
| /* Override any GCC internal prototype to avoid an error.
|    Use char because int might match the return type of a GCC
|    builtin and then its argument prototype would still apply.  */
| #ifdef __cplusplus
| extern "C"
| #endif
| char _doprnt ();
| /* The GNU C library defines this for functions which it implements
|     to always fail with ENOSYS.  Some functions are actually named
|     something starting with __ and the normal name is an alias.  */
| #if defined __stub__doprnt || defined __stub____doprnt
| choke me
| #endif
| 
| int
| main ()
| {
| return _doprnt ();
|   ;
|   return 0;
| }
configure:4595: result: no
configure:4609: checking for inet_ntoa
configure:4609: gcc -o conftest -g -O2   conftest.c  >&5
configure:4609: $? = 0
configure:4609: result: yes
configure:4609: checking for memmove
configure:4609: gcc -o conftest -g -O2   conftest.c  >&5
conftest.c:66:6: warning: conflicting types for built-in function 'memmove'
 char memmove ();
      ^
configure:4609: $? = 0
configure:4609: result: yes
configure:4609: checking for memset
configure:4609: gcc -o conftest -g -O2   conftest.c  >&5
conftest.c:67:6: warning: conflicting types for built-in function 'memset'
 char memset ();
      ^
configure:4609: $? = 0
configure:4609: result: yes
configure:4609: checking for select
configure:4609: gcc -o conftest -g -O2   conftest.c  >&5
configure:4609: $? = 0
configure:4609: result: yes
configure:4609: checking for socket
configure:4609: gcc -o conftest -g -O2   conftest.c  >&5
configure:4609: $? = 0
configure:4609: result: yes
configure:4609: checking for strcasecmp
configure:4609: gcc -o conftest -g -O2   conftest.c  >&5
conftest.c:70:6: warning: conflicting types for built-in function 'strcasecmp'
 char strcasecmp ();
      ^
configure:4609: $? = 0
configure:4609: result: yes
configure:4609: checking for strchr
configure:4609: gcc -o conftest -g -O2   conftest.c  >&5
conftest.c:71:6: warning: conflicting types for built-in function 'strchr'
 char strchr ();
      ^
configure:4609: $? = 0
configure:4609: result: yes
configure:4609: checking for strdup
configure:4609: gcc -o conftest -g -O2   conftest.c  >&5
conftest.c:72:6: warning: conflicting types for built-in function 'strdup'
 char strdup ();
      ^
configure:4609: $? = 0
configure:4609: result: yes
configure:4609: checking for strncasecmp
configure:4609: gcc -o conftest -g -O2   conftest.c  >&5
conftest.c:73:6: warning: conflicting types for built-in function 'strncasecmp'
 char strncasecmp ();
      ^
configure:4609: $? = 0
configure:4609: result: yes
configure:4609: checking for strrchr
configure:4609: gcc -o conftest -g -O2   conftest.c  >&5
conftest.c:74:6: warning: conflicting types for built-in function 'strrchr'
 char strrchr ();
      ^
configure:4609: $? = 0
configure:4609: result: yes
configure:4609: checking for strstr
configure:4609: gcc -o conftest -g -O2   conftest.c  >&5
conftest.c:75:6: warning: conflicting types for built-in function 'strstr'
 char strstr ();
      ^
configure:4609: $? = 0
configure:4609: result: yes
configure:4732: creating ./config.status

## ---------------------- ##
## Running config.status. ##
## ---------------------- ##

This file was extended by msdl config.status 1.2.7, which was
generated by GNU Autoconf 2.65.  Invocation command line was

  CONFIG_FILES    = 
  CONFIG_HEADERS  = 
  CONFIG_LINKS    = 
  CONFIG_COMMANDS = 
  $ ./config.status 

on brhelxp

config.status:883: creating Makefile
config.status:883: creating src/Makefile
config.status:883: creating doc/Makefile
config.status:883: creating doc/msdl.1
config.status:883: creating config.h
config.status:1103: executing depfiles commands

## ---------------- ##
## Cache variables. ##
## ---------------- ##

ac_cv_c_compiler_gnu=yes
ac_cv_c_const=yes
ac_cv_c_inline=inline
ac_cv_c_uint16_t=yes
ac_cv_c_uint32_t=yes
ac_cv_c_uint64_t=yes
ac_cv_c_uint8_t=yes
ac_cv_env_CC_set=
ac_cv_env_CC_value=
ac_cv_env_CFLAGS_set=
ac_cv_env_CFLAGS_value=
ac_cv_env_CPPFLAGS_set=
ac_cv_env_CPPFLAGS_value=
ac_cv_env_CPP_set=
ac_cv_env_CPP_value=
ac_cv_env_LDFLAGS_set=
ac_cv_env_LDFLAGS_value=
ac_cv_env_LIBS_set=
ac_cv_env_LIBS_value=
ac_cv_env_build_alias_set=
ac_cv_env_build_alias_value=
ac_cv_env_host_alias_set=
ac_cv_env_host_alias_value=
ac_cv_env_target_alias_set=
ac_cv_env_target_alias_value=
ac_cv_func__doprnt=no
ac_cv_func_inet_ntoa=yes
ac_cv_func_malloc_0_nonnull=yes
ac_cv_func_memcmp_working=yes
ac_cv_func_memmove=yes
ac_cv_func_memset=yes
ac_cv_func_realloc_0_nonnull=yes
ac_cv_func_select=yes
ac_cv_func_select_args='int,fd_set *,struct timeval *'
ac_cv_func_socket=yes
ac_cv_func_strcasecmp=yes
ac_cv_func_strchr=yes
ac_cv_func_strdup=yes
ac_cv_func_strncasecmp=yes
ac_cv_func_strrchr=yes
ac_cv_func_strstr=yes
ac_cv_func_vprintf=yes
ac_cv_header_arpa_inet_h=yes
ac_cv_header_fcntl_h=yes
ac_cv_header_inttypes_h=yes
ac_cv_header_memory_h=yes
ac_cv_header_netdb_h=yes
ac_cv_header_netinet_in_h=yes
ac_cv_header_stdc=yes
ac_cv_header_stdint_h=yes
ac_cv_header_stdlib_h=yes
ac_cv_header_string_h=yes
ac_cv_header_strings_h=yes
ac_cv_header_sys_select_h=yes
ac_cv_header_sys_socket_h=yes
ac_cv_header_sys_stat_h=yes
ac_cv_header_sys_time_h=yes
ac_cv_header_sys_types_h=yes
ac_cv_header_time=yes
ac_cv_header_unistd_h=yes
ac_cv_objext=o
ac_cv_path_EGREP='/usr/bin/grep -E'
ac_cv_path_GREP=/usr/bin/grep
ac_cv_path_install='/usr/bin/install -c'
ac_cv_path_mkdir=/usr/bin/mkdir
ac_cv_prog_AWK=gawk
ac_cv_prog_CPP='gcc -E'
ac_cv_prog_ac_ct_CC=gcc
ac_cv_prog_cc_c89=
ac_cv_prog_cc_g=yes
ac_cv_prog_make_make_set=yes
ac_cv_type_size_t=yes
am_cv_CC_dependencies_compiler_type=gcc3

## ----------------- ##
## Output variables. ##
## ----------------- ##

ACLOCAL='${SHELL} /home/ivo/src/d/poku/ytd/Source/Lib/MSDL/missing --run aclocal-1.10'
AMDEPBACKSLASH='\'
AMDEP_FALSE='#'
AMDEP_TRUE=''
AMTAR='${SHELL} /home/ivo/src/d/poku/ytd/Source/Lib/MSDL/missing --run tar'
AUTOCONF='${SHELL} /home/ivo/src/d/poku/ytd/Source/Lib/MSDL/missing --run autoconf'
AUTOHEADER='${SHELL} /home/ivo/src/d/poku/ytd/Source/Lib/MSDL/missing --run autoheader'
AUTOMAKE='${SHELL} /home/ivo/src/d/poku/ytd/Source/Lib/MSDL/missing --run automake-1.10'
AWK='gawk'
CC='gcc'
CCDEPMODE='depmode=gcc3'
CFLAGS='-g -O2'
CPP='gcc -E'
CPPFLAGS=''
CYGPATH_W='echo'
DEFS='-DHAVE_CONFIG_H'
DEPDIR='.deps'
ECHO_C=''
ECHO_N='-n'
ECHO_T=''
EGREP='/usr/bin/grep -E'
EXEEXT=''
GREP='/usr/bin/grep'
INSTALL_DATA='${INSTALL} -m 644'
INSTALL_PROGRAM='${INSTALL}'
INSTALL_SCRIPT='${INSTALL}'
INSTALL_STRIP_PROGRAM='$(install_sh) -c -s'
LDFLAGS=''
LIBOBJS=''
LIBS=''
LTLIBOBJS=''
MAKEINFO='${SHELL} /home/ivo/src/d/poku/ytd/Source/Lib/MSDL/missing --run makeinfo'
MKDIR_P='/usr/bin/mkdir -p'
OBJEXT='o'
PACKAGE='msdl'
PACKAGE_BUGREPORT='me_t_ro@yahoo.com'
PACKAGE_NAME='msdl'
PACKAGE_STRING='msdl 1.2.7'
PACKAGE_TARNAME='msdl'
PACKAGE_URL=''
PACKAGE_VERSION='1.2.7'
PATH_SEPARATOR=':'
SET_MAKE=''
SHELL='/bin/sh'
STRIP=''
VERSION='1.2.7'
ac_ct_CC='gcc'
am__fastdepCC_FALSE='#'
am__fastdepCC_TRUE=''
am__include='include'
am__isrc=''
am__leading_dot='.'
am__quote=''
am__tar='${AMTAR} chof - "$$tardir"'
am__untar='${AMTAR} xf -'
bindir='${exec_prefix}/bin'
build_alias=''
datadir='${datarootdir}'
datarootdir='${prefix}/share'
docdir='${datarootdir}/doc/${PACKAGE_TARNAME}'
dvidir='${docdir}'
exec_prefix='${prefix}'
host_alias=''
htmldir='${docdir}'
includedir='${prefix}/include'
infodir='${datarootdir}/info'
install_sh='$(SHELL) /home/ivo/src/d/poku/ytd/Source/Lib/MSDL/install-sh'
libdir='${exec_prefix}/lib'
libexecdir='${exec_prefix}/libexec'
localedir='${datarootdir}/locale'
localstatedir='${prefix}/var'
mandir='${datarootdir}/man'
mkdir_p='/usr/bin/mkdir -p'
oldincludedir='/usr/include'
pdfdir='${docdir}'
prefix='/usr/local'
program_transform_name='s,x,x,'
psdir='${docdir}'
sbindir='${exec_prefix}/sbin'
sharedstatedir='${prefix}/com'
sysconfdir='${prefix}/etc'
target_alias=''

## ----------- ##
## confdefs.h. ##
## ----------- ##

/* confdefs.h */
#define PACKAGE_NAME "msdl"
#define PACKAGE_TARNAME "msdl"
#define PACKAGE_VERSION "1.2.7"
#define PACKAGE_STRING "msdl 1.2.7"
#define PACKAGE_BUGREPORT "me_t_ro@yahoo.com"
#define PACKAGE_URL ""
#define PACKAGE "msdl"
#define VERSION "1.2.7"
#define STDC_HEADERS 1
#define HAVE_SYS_TYPES_H 1
#define HAVE_SYS_STAT_H 1
#define HAVE_STDLIB_H 1
#define HAVE_STRING_H 1
#define HAVE_MEMORY_H 1
#define HAVE_STRINGS_H 1
#define HAVE_INTTYPES_H 1
#define HAVE_STDINT_H 1
#define HAVE_UNISTD_H 1
#define HAVE_ARPA_INET_H 1
#define HAVE_FCNTL_H 1
#define HAVE_INTTYPES_H 1
#define HAVE_NETDB_H 1
#define HAVE_NETINET_IN_H 1
#define HAVE_STDLIB_H 1
#define HAVE_STRING_H 1
#define HAVE_UNISTD_H 1
#define HAVE_SYS_SOCKET_H 1
#define HAVE_SYS_TIME_H 1
#define TIME_WITH_SYS_TIME 1
#define HAVE_STDLIB_H 1
#define HAVE_MALLOC 1
#define HAVE_STDLIB_H 1
#define HAVE_REALLOC 1
#define HAVE_SYS_SELECT_H 1
#define HAVE_SYS_SOCKET_H 1
#define SELECT_TYPE_ARG1 int
#define SELECT_TYPE_ARG234 (fd_set *)
#define SELECT_TYPE_ARG5 (struct timeval *)
#define HAVE_VPRINTF 1
#define HAVE_INET_NTOA 1
#define HAVE_MEMMOVE 1
#define HAVE_MEMSET 1
#define HAVE_SELECT 1
#define HAVE_SOCKET 1
#define HAVE_STRCASECMP 1
#define HAVE_STRCHR 1
#define HAVE_STRDUP 1
#define HAVE_STRNCASECMP 1
#define HAVE_STRRCHR 1
#define HAVE_STRSTR 1

configure: exit 0
